::1 - - [04/Nov/2015:00:13:19 +0000] "GET / HTTP/1.1" 200 8076
::1 - - [04/Nov/2015:00:13:20 +0000] "GET /assets/css/main.css HTTP/1.1" 200 29563
::1 - - [04/Nov/2015:00:13:20 +0000] "GET /assets/css/animate.min.css HTTP/1.1" 200 55527
::1 - - [04/Nov/2015:00:13:20 +0000] "GET /assets/css/font-awesome/css/font-awesome.min.css HTTP/1.1" 200 26715
::1 - - [04/Nov/2015:00:13:20 +0000] "GET /assets/css/style.css HTTP/1.1" 200 11146
::1 - - [04/Nov/2015:00:13:20 +0000] "GET /assets/css/bootstrap.min.css HTTP/1.1" 200 122544
::1 - - [04/Nov/2015:00:13:20 +0000] "GET /assets/css/bootstrap.theme.min.css HTTP/1.1" 200 127859
::1 - - [04/Nov/2015:00:13:20 +0000] "GET /assets/js/libs/requirejs/require.js HTTP/1.1" 200 86366
::1 - - [04/Nov/2015:00:13:20 +0000] "GET /assets/img/l_12_size.PNG HTTP/1.1" 200 359536
::1 - - [04/Nov/2015:00:13:20 +0000] "GET /assets/img/game_rules.png HTTP/1.1" 200 12875
::1 - - [04/Nov/2015:00:13:20 +0000] "GET /assets/img/icon_responsive.png HTTP/1.1" 200 18897
::1 - - [04/Nov/2015:00:13:20 +0000] "GET /assets/img/icon_grid.png HTTP/1.1" 200 8947
::1 - - [04/Nov/2015:00:13:20 +0000] "GET /assets/img/icon_users.png HTTP/1.1" 200 6219
::1 - - [04/Nov/2015:00:13:20 +0000] "GET /assets/js/main.js HTTP/1.1" 200 7621
::1 - - [04/Nov/2015:00:13:20 +0000] "GET /assets/js/libs/jquery/jquery.min.js HTTP/1.1" 200 93106
::1 - - [04/Nov/2015:00:13:21 +0000] "GET /assets/js/utils.js HTTP/1.1" 200 283
::1 - - [04/Nov/2015:00:13:21 +0000] "GET /assets/js/modules/exceptions.js HTTP/1.1" 200 1271
::1 - - [04/Nov/2015:00:13:21 +0000] "GET /assets/js/libs/jquery/jquery.nanoscroller.min.js HTTP/1.1" 200 10394
::1 - - [04/Nov/2015:00:13:21 +0000] "GET /assets/js/classes/GameTile.js HTTP/1.1" 200 1090
::1 - - [04/Nov/2015:00:13:21 +0000] "GET /assets/js/libs/bootstrap/bootstrap.min.js HTTP/1.1" 200 36822
::1 - - [04/Nov/2015:00:13:21 +0000] "GET /assets/js/libs/jquery/jquery.nanoscroller.min.js.map HTTP/1.1" 404 -
::1 - - [04/Nov/2015:00:13:21 +0000] "GET /assets/js/libs/prototype/prototype.js HTTP/1.1" 200 199803
::1 - - [04/Nov/2015:00:13:21 +0000] "GET /assets/js/libs/phaser/phaser.min.js HTTP/1.1" 200 744411
::1 - - [04/Nov/2015:00:13:21 +0000] "GET /assets/js/modules/gameTiles.js HTTP/1.1" 200 1532
::1 - - [04/Nov/2015:00:13:22 +0000] "GET /assets/js/G2moku.js HTTP/1.1" 200 23688
::1 - - [04/Nov/2015:00:13:22 +0000] "GET /assets/js/libs/phaser/phaser.map HTTP/1.1" 404 -
::1 - - [04/Nov/2015:00:13:22 +0000] "GET /assets/js/classes/frontend/Player.js HTTP/1.1" 200 1026
::1 - - [04/Nov/2015:00:13:22 +0000] "GET /assets/js/classes/Timer.js HTTP/1.1" 200 1133
::1 - - [04/Nov/2015:00:13:22 +0000] "GET /assets/js/classes/AbstractPlayer.js HTTP/1.1" 200 1317
::1 - - [04/Nov/2015:00:13:22 +0000] "GET /assets/js/libs/socket.io/socket.io.js HTTP/1.1" 200 105182
::1 - - [04/Nov/2015:00:13:22 +0000] "GET /assets/js/classes/frontend/PlayerMove.js HTTP/1.1" 200 365
::1 - - [04/Nov/2015:00:13:22 +0000] "GET /assets/js/classes/AbstractPlayerMove.js HTTP/1.1" 200 347
::1 - - [04/Nov/2015:00:13:23 +0000] "GET /assets/maps/board.csv HTTP/1.1" 200 7422
::1 - - [04/Nov/2015:00:13:23 +0000] "GET /assets/tiles/gridtiles.png HTTP/1.1" 200 153727
::1 - - [04/Nov/2015:00:13:23 +0000] "GET /assets/css/font-awesome/fonts/fontawesome-webfont.woff2?v=4.4.0 HTTP/1.1" 200 64464
::1 - - [05/Nov/2015:19:24:39 +0000] "GET / HTTP/1.1" 200 8076
::1 - - [05/Nov/2015:19:24:40 +0000] "GET /assets/css/main.css HTTP/1.1" 200 29563
::1 - - [05/Nov/2015:19:24:40 +0000] "GET /assets/css/bootstrap.theme.min.css HTTP/1.1" 200 127859
::1 - - [05/Nov/2015:19:24:40 +0000] "GET /assets/css/animate.min.css HTTP/1.1" 200 55527
::1 - - [05/Nov/2015:19:24:40 +0000] "GET /assets/css/font-awesome/css/font-awesome.min.css HTTP/1.1" 200 26715
::1 - - [05/Nov/2015:19:24:40 +0000] "GET /assets/css/style.css HTTP/1.1" 200 11146
::1 - - [05/Nov/2015:19:24:40 +0000] "GET /assets/css/bootstrap.min.css HTTP/1.1" 200 122544
::1 - - [05/Nov/2015:19:24:40 +0000] "GET /assets/js/libs/requirejs/require.js HTTP/1.1" 200 86366
::1 - - [05/Nov/2015:19:24:40 +0000] "GET /assets/img/l_12_size.PNG HTTP/1.1" 200 359536
::1 - - [05/Nov/2015:19:24:40 +0000] "GET /assets/img/icon_responsive.png HTTP/1.1" 200 18897
::1 - - [05/Nov/2015:19:24:40 +0000] "GET /assets/img/icon_grid.png HTTP/1.1" 200 8947
::1 - - [05/Nov/2015:19:24:40 +0000] "GET /assets/img/icon_users.png HTTP/1.1" 200 6219
::1 - - [05/Nov/2015:19:24:40 +0000] "GET /assets/img/game_rules.png HTTP/1.1" 200 12875
::1 - - [05/Nov/2015:19:24:40 +0000] "GET /assets/js/main.js HTTP/1.1" 200 7621
::1 - - [05/Nov/2015:19:24:41 +0000] "GET /assets/js/utils.js HTTP/1.1" 200 283
::1 - - [05/Nov/2015:19:24:41 +0000] "GET /assets/js/modules/exceptions.js HTTP/1.1" 200 1271
::1 - - [05/Nov/2015:19:24:41 +0000] "GET /assets/js/libs/jquery/jquery.nanoscroller.min.js HTTP/1.1" 200 10394
::1 - - [05/Nov/2015:19:24:41 +0000] "GET /assets/js/classes/GameTile.js HTTP/1.1" 200 1090
::1 - - [05/Nov/2015:19:24:41 +0000] "GET /assets/js/libs/jquery/jquery.min.js HTTP/1.1" 200 93106
::1 - - [05/Nov/2015:19:24:41 +0000] "GET /assets/js/libs/prototype/prototype.js HTTP/1.1" 200 199803
::1 - - [05/Nov/2015:19:24:41 +0000] "GET /assets/js/libs/bootstrap/bootstrap.min.js HTTP/1.1" 200 36822
::1 - - [05/Nov/2015:19:24:41 +0000] "GET /assets/js/modules/gameTiles.js HTTP/1.1" 200 1532
::1 - - [05/Nov/2015:19:24:41 +0000] "GET /assets/js/libs/phaser/phaser.min.js HTTP/1.1" 200 744411
::1 - - [05/Nov/2015:19:24:42 +0000] "GET /assets/js/G2moku.js HTTP/1.1" 200 23688
::1 - - [05/Nov/2015:19:24:42 +0000] "GET /assets/js/classes/frontend/Player.js HTTP/1.1" 200 1026
::1 - - [05/Nov/2015:19:24:42 +0000] "GET /assets/js/classes/Timer.js HTTP/1.1" 200 1133
::1 - - [05/Nov/2015:19:24:42 +0000] "GET /assets/js/classes/AbstractPlayer.js HTTP/1.1" 200 1317
::1 - - [05/Nov/2015:19:24:42 +0000] "GET /assets/js/libs/socket.io/socket.io.js HTTP/1.1" 200 105182
::1 - - [05/Nov/2015:19:24:42 +0000] "GET /assets/js/classes/frontend/PlayerMove.js HTTP/1.1" 200 365
::1 - - [05/Nov/2015:19:24:42 +0000] "GET /assets/js/classes/AbstractPlayerMove.js HTTP/1.1" 200 347
::1 - - [05/Nov/2015:19:24:42 +0000] "GET /assets/maps/board.csv HTTP/1.1" 200 7422
::1 - - [05/Nov/2015:19:24:42 +0000] "GET /assets/tiles/gridtiles.png HTTP/1.1" 200 153727
::1 - - [05/Nov/2015:19:24:42 +0000] "GET /assets/css/font-awesome/fonts/fontawesome-webfont.woff2?v=4.4.0 HTTP/1.1" 200 64464
::1 - - [05/Nov/2015:19:24:44 +0000] "GET /assets/img/plus.png HTTP/1.1" 200 4680
::1 - - [05/Nov/2015:19:24:45 +0000] "GET /assets/img/tiles/square1.png HTTP/1.1" 200 4567
::1 - - [05/Nov/2015:19:24:45 +0000] "GET /assets/img/gear.png HTTP/1.1" 200 1428
::1 - - [05/Nov/2015:19:24:45 +0000] "GET /assets/img/tiles/square2.png HTTP/1.1" 200 5063
::1 - - [05/Nov/2015:19:25:58 +0000] "GET /assets/maps/board.csv HTTP/1.1" 304 -
::1 - - [05/Nov/2015:19:26:20 +0000] "GET /assets/maps/board.csv HTTP/1.1" 304 -
::1 - - [05/Nov/2015:19:42:47 +0000] "GET / HTTP/1.1" 304 -
::1 - - [05/Nov/2015:19:42:47 +0000] "GET /assets/css/main.css HTTP/1.1" 304 -
::1 - - [05/Nov/2015:19:42:47 +0000] "GET /assets/css/animate.min.css HTTP/1.1" 304 -
::1 - - [05/Nov/2015:19:42:47 +0000] "GET /assets/css/bootstrap.min.css HTTP/1.1" 304 -
::1 - - [05/Nov/2015:19:42:47 +0000] "GET /assets/css/bootstrap.theme.min.css HTTP/1.1" 304 -
::1 - - [05/Nov/2015:19:42:47 +0000] "GET /assets/css/font-awesome/css/font-awesome.min.css HTTP/1.1" 304 -
::1 - - [05/Nov/2015:19:42:47 +0000] "GET /assets/css/style.css HTTP/1.1" 304 -
::1 - - [05/Nov/2015:19:42:47 +0000] "GET /assets/js/libs/requirejs/require.js HTTP/1.1" 304 -
::1 - - [05/Nov/2015:19:42:47 +0000] "GET /assets/img/l_12_size.PNG HTTP/1.1" 304 -
::1 - - [05/Nov/2015:19:42:47 +0000] "GET /assets/img/game_rules.png HTTP/1.1" 304 -
::1 - - [05/Nov/2015:19:42:47 +0000] "GET /assets/img/icon_responsive.png HTTP/1.1" 304 -
::1 - - [05/Nov/2015:19:42:47 +0000] "GET /assets/img/icon_grid.png HTTP/1.1" 304 -
::1 - - [05/Nov/2015:19:42:47 +0000] "GET /assets/img/icon_users.png HTTP/1.1" 304 -
::1 - - [05/Nov/2015:19:42:49 +0000] "GET /assets/js/main.js HTTP/1.1" 304 -
::1 - - [05/Nov/2015:19:42:49 +0000] "GET /favicon.ico HTTP/1.1" 200 370070
::1 - - [05/Nov/2015:19:42:49 +0000] "GET /assets/js/libs/jquery/jquery.min.js HTTP/1.1" 304 -
::1 - - [05/Nov/2015:19:42:49 +0000] "GET /assets/js/utils.js HTTP/1.1" 304 -
::1 - - [05/Nov/2015:19:42:49 +0000] "GET /assets/js/modules/exceptions.js HTTP/1.1" 304 -
::1 - - [05/Nov/2015:19:42:49 +0000] "GET /assets/js/libs/jquery/jquery.nanoscroller.min.js HTTP/1.1" 304 -
::1 - - [05/Nov/2015:19:42:49 +0000] "GET /assets/js/libs/phaser/phaser.min.js HTTP/1.1" 304 -
::1 - - [05/Nov/2015:19:42:49 +0000] "GET /assets/js/libs/bootstrap/bootstrap.min.js HTTP/1.1" 304 -
::1 - - [05/Nov/2015:19:42:49 +0000] "GET /assets/js/classes/GameTile.js HTTP/1.1" 304 -
::1 - - [05/Nov/2015:19:42:49 +0000] "GET /assets/js/libs/prototype/prototype.js HTTP/1.1" 304 -
::1 - - [05/Nov/2015:19:42:49 +0000] "GET /assets/js/modules/gameTiles.js HTTP/1.1" 304 -
::1 - - [05/Nov/2015:19:42:49 +0000] "GET /assets/js/G2moku.js HTTP/1.1" 304 -
::1 - - [05/Nov/2015:19:42:49 +0000] "GET /assets/js/classes/frontend/Player.js HTTP/1.1" 304 -
::1 - - [05/Nov/2015:19:42:49 +0000] "GET /assets/js/classes/Timer.js HTTP/1.1" 304 -
::1 - - [05/Nov/2015:19:42:49 +0000] "GET /assets/js/libs/socket.io/socket.io.js HTTP/1.1" 304 -
::1 - - [05/Nov/2015:19:42:49 +0000] "GET /assets/js/classes/AbstractPlayer.js HTTP/1.1" 304 -
::1 - - [05/Nov/2015:19:42:49 +0000] "GET /assets/js/classes/frontend/PlayerMove.js HTTP/1.1" 304 -
::1 - - [05/Nov/2015:19:42:49 +0000] "GET /assets/js/classes/AbstractPlayerMove.js HTTP/1.1" 304 -
::1 - - [05/Nov/2015:19:42:50 +0000] "GET /assets/maps/board.csv HTTP/1.1" 304 -
::1 - - [05/Nov/2015:19:42:50 +0000] "GET /assets/tiles/gridtiles.png HTTP/1.1" 304 -
::1 - - [05/Nov/2015:19:42:50 +0000] "GET /assets/img/tiles/square1.png HTTP/1.1" 304 -
::1 - - [05/Nov/2015:19:42:50 +0000] "GET /assets/img/tiles/square2.png HTTP/1.1" 304 -
::1 - - [05/Nov/2015:19:42:50 +0000] "GET /assets/img/gear.png HTTP/1.1" 304 -
::1 - - [05/Nov/2015:20:07:26 +0000] "GET / HTTP/1.1" 304 -
::1 - - [05/Nov/2015:20:07:27 +0000] "GET /assets/css/main.css HTTP/1.1" 304 -
::1 - - [05/Nov/2015:20:07:27 +0000] "GET /assets/css/animate.min.css HTTP/1.1" 304 -
::1 - - [05/Nov/2015:20:07:27 +0000] "GET /assets/css/bootstrap.min.css HTTP/1.1" 304 -
::1 - - [05/Nov/2015:20:07:27 +0000] "GET /assets/css/bootstrap.theme.min.css HTTP/1.1" 304 -
::1 - - [05/Nov/2015:20:07:27 +0000] "GET /assets/css/font-awesome/css/font-awesome.min.css HTTP/1.1" 304 -
::1 - - [05/Nov/2015:20:07:27 +0000] "GET /assets/css/style.css HTTP/1.1" 304 -
::1 - - [05/Nov/2015:20:07:27 +0000] "GET /assets/js/libs/requirejs/require.js HTTP/1.1" 304 -
::1 - - [05/Nov/2015:20:07:27 +0000] "GET /assets/img/l_12_size.PNG HTTP/1.1" 304 -
::1 - - [05/Nov/2015:20:07:27 +0000] "GET /assets/img/game_rules.png HTTP/1.1" 304 -
::1 - - [05/Nov/2015:20:07:27 +0000] "GET /assets/img/icon_responsive.png HTTP/1.1" 304 -
::1 - - [05/Nov/2015:20:07:27 +0000] "GET /assets/img/icon_grid.png HTTP/1.1" 304 -
::1 - - [05/Nov/2015:20:07:27 +0000] "GET /assets/img/icon_users.png HTTP/1.1" 304 -
::1 - - [05/Nov/2015:20:07:27 +0000] "GET /assets/js/main.js HTTP/1.1" 304 -
::1 - - [05/Nov/2015:20:07:28 +0000] "GET /favicon.ico HTTP/1.1" 200 370070
::1 - - [05/Nov/2015:20:07:28 +0000] "GET /assets/js/libs/jquery/jquery.min.js HTTP/1.1" 304 -
::1 - - [05/Nov/2015:20:07:28 +0000] "GET /assets/js/utils.js HTTP/1.1" 304 -
::1 - - [05/Nov/2015:20:07:28 +0000] "GET /assets/js/modules/exceptions.js HTTP/1.1" 304 -
::1 - - [05/Nov/2015:20:07:28 +0000] "GET /assets/js/libs/jquery/jquery.nanoscroller.min.js HTTP/1.1" 304 -
::1 - - [05/Nov/2015:20:07:28 +0000] "GET /assets/js/libs/phaser/phaser.min.js HTTP/1.1" 304 -
::1 - - [05/Nov/2015:20:07:28 +0000] "GET /assets/js/libs/bootstrap/bootstrap.min.js HTTP/1.1" 304 -
::1 - - [05/Nov/2015:20:07:28 +0000] "GET /assets/js/classes/GameTile.js HTTP/1.1" 304 -
::1 - - [05/Nov/2015:20:07:28 +0000] "GET /assets/js/libs/prototype/prototype.js HTTP/1.1" 304 -
::1 - - [05/Nov/2015:20:07:28 +0000] "GET /assets/js/modules/gameTiles.js HTTP/1.1" 304 -
::1 - - [05/Nov/2015:20:07:28 +0000] "GET /assets/js/G2moku.js HTTP/1.1" 304 -
::1 - - [05/Nov/2015:20:07:28 +0000] "GET /assets/js/classes/frontend/Player.js HTTP/1.1" 304 -
::1 - - [05/Nov/2015:20:07:28 +0000] "GET /assets/js/classes/Timer.js HTTP/1.1" 304 -
::1 - - [05/Nov/2015:20:07:28 +0000] "GET /assets/js/libs/socket.io/socket.io.js HTTP/1.1" 304 -
::1 - - [05/Nov/2015:20:07:28 +0000] "GET /assets/js/classes/AbstractPlayer.js HTTP/1.1" 304 -
::1 - - [05/Nov/2015:20:07:28 +0000] "GET /assets/js/classes/frontend/PlayerMove.js HTTP/1.1" 304 -
::1 - - [05/Nov/2015:20:07:28 +0000] "GET /assets/js/classes/AbstractPlayerMove.js HTTP/1.1" 304 -
::1 - - [05/Nov/2015:20:07:29 +0000] "GET /assets/maps/board.csv HTTP/1.1" 304 -
::1 - - [05/Nov/2015:20:07:29 +0000] "GET /assets/tiles/gridtiles.png HTTP/1.1" 304 -
::1 - - [05/Nov/2015:20:07:29 +0000] "GET /assets/img/tiles/square1.png HTTP/1.1" 304 -
::1 - - [05/Nov/2015:20:07:29 +0000] "GET /assets/img/tiles/square2.png HTTP/1.1" 304 -
::1 - - [05/Nov/2015:20:07:29 +0000] "GET /assets/img/gear.png HTTP/1.1" 304 -
