{"name":"log","hostname":"Maxim-PC","pid":4160,"level":30,"msg":"\u001b[47m\u001b[30m\u001b[4m[ kw8duFeYQSjoQFD3iiA3 ] Getting availableTiles\u001b[24m\u001b[39m\u001b[49m","time":"2015-11-07T01:23:22.879Z","v":0}
{"name":"log","hostname":"Maxim-PC","pid":4160,"level":30,"msg":"\u001b[47m\u001b[30m\u001b[4m[ kw8duFeYQSjoQFD3iiA3 ] Getting availableTiles\u001b[24m\u001b[39m\u001b[49m","time":"2015-11-07T01:23:31.775Z","v":0}
{"name":"log","hostname":"Maxim-PC","pid":4160,"level":30,"msg":"\u001b[47m\u001b[30m\u001b[4m[ XyLHrAXzZ_zjmAvLiiA4 ] Getting availableTiles\u001b[24m\u001b[39m\u001b[49m","time":"2015-11-07T01:23:38.149Z","v":0}
{"name":"log","hostname":"Maxim-PC","pid":3572,"level":30,"msg":"New server started at port 1337","time":"2015-11-07T01:24:12.489Z","v":0}
{"name":"log","hostname":"Maxim-PC","pid":5280,"level":30,"msg":"New server started at port 1337","time":"2015-11-07T01:25:36.199Z","v":0}
{"name":"log","hostname":"Maxim-PC","pid":5396,"level":30,"msg":"New server started at port 1337","time":"2015-11-07T01:25:44.355Z","v":0}
{"name":"log","hostname":"Maxim-PC","pid":5396,"level":30,"msg":"[ f9hm6U3HIp-7heXTjJXg ] Getting availableTiles","time":"2015-11-07T01:25:52.047Z","v":0}
{"name":"log","hostname":"Maxim-PC","pid":4008,"level":30,"msg":"New server started at port 1337","time":"2015-11-07T01:26:31.211Z","v":0}
{"name":"log","hostname":"Maxim-PC","pid":4008,"level":30,"msg":"[ Iv1qyBISe1ke5jfwjUx7 ] Getting availableTiles","time":"2015-11-07T01:26:35.192Z","v":0}
{"name":"log","hostname":"Maxim-PC","pid":4008,"level":30,"msg":"[ y-Jg_vMP_O28alWcjUx8 ] Getting availableTiles","time":"2015-11-07T01:27:53.894Z","v":0}
{"name":"log","hostname":"Maxim-PC","pid":4008,"level":30,"msg":"[ y-Jg_vMP_O28alWcjUx8 ] Getting availableTiles","time":"2015-11-07T01:27:57.948Z","v":0}
{"name":"log","hostname":"Maxim-PC","pid":4008,"level":30,"msg":"[ XfeXGCGcr3qxfiUTjUx9 ] Getting availableTiles","time":"2015-11-07T01:28:42.786Z","v":0}
{"name":"log","hostname":"Maxim-PC","pid":2116,"level":30,"msg":"New server started at port 1337","time":"2015-11-07T01:30:37.398Z","v":0}
{"name":"log","hostname":"Maxim-PC","pid":1416,"level":30,"msg":"New server started at port 1337","time":"2015-11-07T01:30:51.737Z","v":0}
{"name":"log","hostname":"Maxim-PC","pid":5808,"level":30,"msg":"New server started at port 1337","time":"2015-11-07T01:30:56.716Z","v":0}
{"name":"log","hostname":"Maxim-PC","pid":4964,"level":30,"msg":"New server started at port 1337","time":"2015-11-07T01:31:18.135Z","v":0}
{"name":"log","hostname":"Maxim-PC","pid":4204,"level":30,"msg":"New server started at port 1337","time":"2015-11-07T01:31:51.080Z","v":0}
{"name":"log","hostname":"Maxim-PC","pid":5676,"level":30,"msg":"New server started at port 1337","time":"2015-11-07T01:32:04.829Z","v":0}
{"name":"log","hostname":"Maxim-PC","pid":1532,"level":30,"msg":"New server started at port 1337","time":"2015-11-07T01:34:41.076Z","v":0}
{"name":"log","hostname":"Maxim-PC","pid":316,"level":30,"msg":"New server started at port 1337","time":"2015-11-07T01:36:05.143Z","v":0}
{"name":"log","hostname":"Maxim-PC","pid":4368,"level":30,"msg":"New server started at port 1337","time":"2015-11-07T01:36:18.232Z","v":0}
{"name":"log","hostname":"Maxim-PC","pid":4220,"level":30,"msg":"New server started at port 1337","time":"2015-11-07T01:36:35.626Z","v":0}
{"name":"log","hostname":"Maxim-PC","pid":4924,"level":30,"msg":"New server started at port 1337","time":"2015-11-07T01:37:28.799Z","v":0}
{"name":"log","hostname":"Maxim-PC","pid":4924,"level":30,"msg":"[ ehkBbcek4oTtkuf2l1Wv ] Getting availableTiles","time":"2015-11-07T01:38:14.492Z","v":0}
{"name":"log","hostname":"Maxim-PC","pid":5396,"level":30,"msg":"New server started at port 1337","time":"2015-11-07T01:40:07.698Z","v":0}
{"name":"log","hostname":"Maxim-PC","pid":5396,"level":30,"msg":"[ Wn_2b3sAT-AQhPX6mcKg ] Getting availableTiles","time":"2015-11-07T01:40:12.984Z","v":0}
{"name":"log","hostname":"Maxim-PC","pid":4620,"level":30,"msg":"New server started at port 1337","time":"2015-11-07T01:40:45.813Z","v":0}
{"name":"log","hostname":"Maxim-PC","pid":4568,"level":30,"msg":"New server started at port 1337","time":"2015-11-07T01:41:08.595Z","v":0}
{"name":"log","hostname":"Maxim-PC","pid":4568,"level":30,"msg":"[ 64yZ_w_9XoYpOWIcmrAu ] Getting availableTiles","time":"2015-11-07T01:41:12.055Z","v":0}
{"name":"log","hostname":"Maxim-PC","pid":4168,"level":30,"msg":"New server started at port 1337","time":"2015-11-07T01:43:12.178Z","v":0}
{"name":"log","hostname":"Maxim-PC","pid":3020,"level":30,"msg":"New server started at port 1337","time":"2015-11-07T01:43:32.314Z","v":0}
{"name":"log","hostname":"Maxim-PC","pid":6040,"level":30,"msg":"New server started at port 1337","time":"2015-11-07T01:50:27.826Z","v":0}
{"name":"log","hostname":"Maxim-PC","pid":4520,"level":30,"msg":"New server started at port 1337","time":"2015-11-07T01:53:01.854Z","v":0}
{"name":"log","hostname":"Maxim-PC","pid":4368,"level":30,"msg":"New server started at port 1337","time":"2015-11-07T01:53:06.197Z","v":0}
{"name":"log","hostname":"Maxim-PC","pid":4368,"level":30,"msg":"[ ft0PM6_uryRI8h_KpaN_ ] Getting availableTiles","time":"2015-11-07T01:53:18.263Z","v":0}
{"name":"log","hostname":"Maxim-PC","pid":2088,"level":30,"msg":"New server started at port 1337","time":"2015-11-07T01:54:10.141Z","v":0}
{"name":"log","hostname":"Maxim-PC","pid":2088,"level":30,"msg":"[ lttG0qY32mXjAy1ippiL ] Getting availableTiles","time":"2015-11-07T01:54:14.932Z","v":0}
{"name":"log","hostname":"Maxim-PC","pid":4656,"level":30,"msg":"New server started at port 1337","time":"2015-11-07T01:56:12.702Z","v":0}
{"name":"log","hostname":"Maxim-PC","pid":5152,"level":30,"msg":"New server started at port 1337","time":"2015-11-07T01:57:23.618Z","v":0}
{"name":"log","hostname":"Maxim-PC","pid":5152,"level":30,"msg":"[ 4iFJOonYCoMY1HQRqZC6 ] Getting availableTiles","time":"2015-11-07T01:57:28.661Z","v":0}
{"name":"log","hostname":"Maxim-PC","pid":3268,"level":30,"msg":"New server started at port 1337","time":"2015-11-07T01:59:24.432Z","v":0}
{"name":"log","hostname":"Maxim-PC","pid":3268,"level":30,"msg":"[ zzlkbC7Y6DksVLp1q2jx ] Getting availableTiles","time":"2015-11-07T01:59:31.172Z","v":0}
{"name":"log","hostname":"Maxim-PC","pid":5184,"level":30,"msg":"New server started at port 1337","time":"2015-11-07T01:59:49.783Z","v":0}
{"name":"log","hostname":"Maxim-PC","pid":5184,"level":30,"msg":"[ 9Hp6RKKO9j4rGC1vq8uE ] Getting availableTiles","time":"2015-11-07T01:59:54.278Z","v":0}
{"name":"log","hostname":"Maxim-PC","pid":5756,"level":30,"msg":"New server started at port 1337","time":"2015-11-07T02:01:28.375Z","v":0}
{"name":"log","hostname":"Maxim-PC","pid":2088,"level":30,"msg":"New server started at port 1337","time":"2015-11-07T02:03:07.882Z","v":0}
{"name":"log","hostname":"Maxim-PC","pid":1580,"level":30,"msg":"New server started at port 1337","time":"2015-11-07T02:04:59.582Z","v":0}
{"name":"log","hostname":"Maxim-PC","pid":1580,"level":30,"msg":"[ YZ6H4u_WZ5zZ8xRusIX9 ] Getting availableTiles","time":"2015-11-07T02:05:06.998Z","v":0}
{"name":"log","hostname":"Maxim-PC","pid":4972,"level":30,"msg":"New server started at port 1337","time":"2015-11-07T02:08:39.968Z","v":0}
{"name":"log","hostname":"Maxim-PC","pid":3864,"level":30,"msg":"New server started at port 1337","time":"2015-11-07T02:09:04.535Z","v":0}
{"name":"log","hostname":"Maxim-PC","pid":4760,"level":30,"msg":"New server started at port 1337","time":"2015-11-07T02:12:16.089Z","v":0}
{"name":"log","hostname":"Maxim-PC","pid":2060,"level":30,"msg":"New server started at port 1337","time":"2015-11-07T02:16:55.359Z","v":0}
{"name":"log","hostname":"Maxim-PC","pid":2060,"level":30,"msg":"[ BFaI2ACr9p8Es-8Ou3Gx ] Getting availableTiles","time":"2015-11-07T02:17:00.586Z","v":0}
{"name":"log","hostname":"Maxim-PC","pid":6088,"level":30,"msg":"New server started at port 1337","time":"2015-11-07T02:22:02.659Z","v":0}
{"name":"log","hostname":"Maxim-PC","pid":6088,"level":30,"msg":"[ k7Gux_ogTlBiZeUSwCKD ] Getting availableTiles","time":"2015-11-07T02:50:11.275Z","v":0}
{"name":"log","hostname":"Maxim-PC","pid":4908,"level":30,"msg":"New server started at port 1337","time":"2015-11-07T02:50:34.375Z","v":0}
{"name":"log","hostname":"Maxim-PC","pid":4908,"level":30,"msg":"[ 9ZsfZ5cLtzYX8QCB2kC5 ] Getting availableTiles","time":"2015-11-07T02:50:39.497Z","v":0}
{"name":"log","hostname":"Maxim-PC","pid":4908,"level":30,"msg":"[ GnzwNEv5nf0IiNCV2kC6 ] Getting availableTiles","time":"2015-11-07T02:50:50.659Z","v":0}
{"name":"log","hostname":"Maxim-PC","pid":940,"level":30,"msg":"New server started at port 1337","time":"2015-11-07T02:55:18.816Z","v":0}
{"name":"log","hostname":"Maxim-PC","pid":5032,"level":30,"msg":"New server started at port 1337","time":"2015-11-07T02:55:23.815Z","v":0}
{"name":"log","hostname":"Maxim-PC","pid":1580,"level":30,"msg":"New server started at port 1337","time":"2015-11-07T03:34:15.378Z","v":0}
{"name":"log","hostname":"Maxim-PC","pid":4876,"level":30,"msg":"New server started at port 1337","time":"2015-11-07T03:36:22.957Z","v":0}
{"name":"log","hostname":"Maxim-PC","pid":4188,"level":30,"msg":"New server started at port 1337","time":"2015-11-07T12:44:00.738Z","v":0}
{"name":"log","hostname":"Maxim-PC","pid":2388,"level":30,"msg":"New server started at port 1337","time":"2015-11-07T12:44:44.620Z","v":0}
{"name":"log","hostname":"Maxim-PC","pid":5672,"level":30,"msg":"New server started at port 1337","time":"2015-11-07T12:44:53.809Z","v":0}
{"name":"log","hostname":"Maxim-PC","pid":4248,"level":30,"msg":"New server started at port 1337","time":"2015-11-07T12:57:31.382Z","v":0}
{"name":"log","hostname":"Maxim-PC","pid":5476,"level":30,"msg":"New server started at port 1337","time":"2015-11-07T13:04:29.347Z","v":0}
{"name":"log","hostname":"Maxim-PC","pid":5540,"level":30,"msg":"New server started at port 1337","time":"2015-11-07T13:05:17.011Z","v":0}
{"name":"log","hostname":"Maxim-PC","pid":5540,"level":30,"msg":"[ CJfkdaijJzhjE3CBDQoE ] Getting availableTiles","time":"2015-11-07T13:05:36.118Z","v":0}
{"name":"log","hostname":"Maxim-PC","pid":6088,"level":30,"msg":"New server started at port 1337","time":"2015-11-07T13:06:05.754Z","v":0}
{"name":"log","hostname":"Maxim-PC","pid":6088,"level":30,"msg":"[ ECTl6i7q5Xe-COp8DcgV ] Getting availableTiles","time":"2015-11-07T13:07:25.967Z","v":0}
{"name":"log","hostname":"Maxim-PC","pid":4244,"level":30,"msg":"New server started at port 1337","time":"2015-11-07T13:08:48.015Z","v":0}
{"name":"log","hostname":"Maxim-PC","pid":4244,"level":30,"msg":"[ L7xus5lnUvLzx7seEEGT ] Getting availableTiles","time":"2015-11-07T13:08:53.040Z","v":0}
{"name":"log","hostname":"Maxim-PC","pid":4528,"level":30,"msg":"New server started at port 1337","time":"2015-11-07T13:09:24.075Z","v":0}
{"name":"log","hostname":"Maxim-PC","pid":4528,"level":30,"msg":"[ jNXgVDu5yFRFxmoAEM6T ] Getting availableTiles","time":"2015-11-07T13:09:38.625Z","v":0}
{"name":"log","hostname":"Maxim-PC","pid":3612,"level":30,"msg":"New server started at port 1337","time":"2015-11-07T13:12:21.230Z","v":0}
{"name":"log","hostname":"Maxim-PC","pid":4528,"level":30,"msg":"New server started at port 1337","time":"2015-11-07T13:13:18.569Z","v":0}
{"name":"log","hostname":"Maxim-PC","pid":4208,"level":30,"msg":"New server started at port 1337","time":"2015-11-07T13:14:30.958Z","v":0}
{"name":"log","hostname":"Maxim-PC","pid":5304,"level":30,"msg":"New server started at port 1337","time":"2015-11-07T13:15:07.286Z","v":0}
{"name":"log","hostname":"Maxim-PC","pid":5304,"level":30,"msg":"[ fSbwZdoaCdsYQTDpFgss ] Getting availableTiles","time":"2015-11-07T13:15:16.761Z","v":0}
{"name":"log","hostname":"Maxim-PC","pid":5304,"level":30,"msg":"[ fSbwZdoaCdsYQTDpFgss ] Getting availableTiles","time":"2015-11-07T13:15:17.789Z","v":0}
{"name":"log","hostname":"Maxim-PC","pid":6104,"level":30,"msg":"New server started at port 1337","time":"2015-11-07T13:18:20.270Z","v":0}
{"name":"log","hostname":"Maxim-PC","pid":4392,"level":30,"msg":"New server started at port 1337","time":"2015-11-07T13:18:28.998Z","v":0}
{"name":"log","hostname":"Maxim-PC","pid":4392,"level":30,"msg":"[ 2G63FjE6mcYS6S76GR9G ] Getting availableTiles","time":"2015-11-07T13:18:34.910Z","v":0}
{"name":"log","hostname":"Maxim-PC","pid":2080,"level":30,"msg":"New server started at port 1337","time":"2015-11-07T13:19:05.960Z","v":0}
{"name":"log","hostname":"Maxim-PC","pid":2080,"level":30,"msg":"[ Z8Q9V9y_szhRYyNrGa-4 ] Getting availableTiles","time":"2015-11-07T13:19:09.893Z","v":0}
{"name":"log","hostname":"Maxim-PC","pid":5088,"level":30,"msg":"New server started at port 1337","time":"2015-11-07T13:26:21.845Z","v":0}
{"name":"log","hostname":"Maxim-PC","pid":5088,"level":30,"msg":"[ 596mmkP079a98sBBIFa8 ] Getting availableTiles","time":"2015-11-07T13:26:53.653Z","v":0}
{"name":"log","hostname":"Maxim-PC","pid":5356,"level":30,"msg":"New server started at port 1337","time":"2015-11-07T13:27:07.969Z","v":0}
{"name":"log","hostname":"Maxim-PC","pid":5356,"level":30,"msg":"[ 78XTxSpDx6beC99FIQpE ] Getting availableTiles","time":"2015-11-07T13:27:17.201Z","v":0}
